[2020-05-19 11:15:40] local.ERROR: exception 'Predis\Connection\ConnectionException' with message '`AUTH` failed: ERR Client sent AUTH, but no password is set [tcp://127.0.0.1:6379]' in D:\wamp64\www\jms\service\vendor\predis\predis\src\Connection\AbstractConnection.php:155
Stack trace:
#0 D:\wamp64\www\jms\service\vendor\predis\predis\src\Connection\StreamConnection.php(263): Predis\Connection\AbstractConnection->onConnectionError('`AUTH` failed: ...', 0)
#1 D:\wamp64\www\jms\service\vendor\predis\predis\src\Connection\AbstractConnection.php(180): Predis\Connection\StreamConnection->connect()
#2 D:\wamp64\www\jms\service\vendor\predis\predis\src\Connection\StreamConnection.php(288): Predis\Connection\AbstractConnection->getResource()
#3 D:\wamp64\www\jms\service\vendor\predis\predis\src\Connection\StreamConnection.php(394): Predis\Connection\StreamConnection->write('*2\r\n$3\r\nGET\r\n$1...')
#4 D:\wamp64\www\jms\service\vendor\predis\predis\src\Connection\AbstractConnection.php(110): Predis\Connection\StreamConnection->writeRequest(Object(Predis\Command\StringGet))
#5 D:\wamp64\www\jms\service\vendor\predis\predis\src\Client.php(331): Predis\Connection\AbstractConnection->executeCommand(Object(Predis\Command\StringGet))
#6 D:\wamp64\www\jms\service\vendor\predis\predis\src\Client.php(315): Predis\Client->executeCommand(Object(Predis\Command\StringGet))
#7 D:\wamp64\www\jms\service\vendor\laravel\framework\src\Illuminate\Redis\Connections\Connection.php(72): Predis\Client->__call('get', Array)
#8 D:\wamp64\www\jms\service\vendor\laravel\framework\src\Illuminate\Redis\Connections\Connection.php(72): Predis\Client->get('saleUserInfo')
#9 D:\wamp64\www\jms\service\vendor\laravel\framework\src\Illuminate\Redis\Connections\Connection.php(84): Illuminate\Redis\Connections\Connection->command('get', Array)
#10 D:\wamp64\www\jms\service\vendor\laravel\framework\src\Illuminate\Redis\RedisManager.php(130): Illuminate\Redis\Connections\Connection->__call('get', Array)
#11 D:\wamp64\www\jms\service\vendor\laravel\framework\src\Illuminate\Redis\RedisManager.php(130): Illuminate\Redis\Connections\PredisConnection->get('saleUserInfo')
#12 D:\wamp64\www\jms\service\vendor\laravel\framework\src\Illuminate\Support\Facades\Facade.php(221): Illuminate\Redis\RedisManager->__call('get', Array)
#13 D:\wamp64\www\jms\service\vendor\laravel\framework\src\Illuminate\Support\Facades\Facade.php(221): Illuminate\Redis\RedisManager->get('saleUserInfo')
#14 D:\wamp64\www\jms\service\app\Model\Vone\SaleUserModel.php(161): Illuminate\Support\Facades\Facade::__callStatic('get', Array)
#15 D:\wamp64\www\jms\service\app\Model\Vone\SaleUserModel.php(161): Illuminate\Support\Facades\Redis::get('saleUserInfo')
#16 D:\wamp64\www\jms\service\app\Api\Vone\Controllers\DemandController.php(3681): App\Model\Vone\SaleUserModel->getSaleUserInfoInRedis()
#17 [internal function]: App\Api\Vone\Controllers\DemandController->firstPage(Object(Dingo\Api\Http\Request))
#18 D:\wamp64\www\jms\service\vendor\laravel\framework\src\Illuminate\Routing\Controller.php(55): call_user_func_array(Array, Array)
#19 D:\wamp64\www\jms\service\vendor\laravel\framework\src\Illuminate\Routing\ControllerDispatcher.php(44): Illuminate\Routing\Controller->callAction('firstPage', Array)
#20 D:\wamp64\www\jms\service\vendor\laravel\framework\src\Illuminate\Routing\Route.php(204): Illuminate\Routing\ControllerDispatcher->dispatch(Object(Illuminate\Routing\Route), Object(App\Api\Vone\Controllers\DemandController), 'firstPage')
#21 D:\wamp64\www\jms\service\vendor\laravel\framework\src\Illuminate\Routing\Route.php(160): Illuminate\Routing\Route->runController()
#22 D:\wamp64\www\jms\service\vendor\laravel\framework\src\Illuminate\Routing\Router.php(572): Illuminate\Routing\Route->run()
#23 D:\wamp64\www\jms\service\vendor\laravel\framework\src\Illuminate\Routing\Pipeline.php(30): Illuminate\Routing\Router->Illuminate\Routing\{closure}(Object(Dingo\Api\Http\Request))
#24 D:\wamp64\www\jms\service\vendor\tymon\jwt-auth\src\Middleware\GetUserFromToken.php(46): Illuminate\Routing\Pipeline->Illuminate\Routing\{closure}(Object(Dingo\Api\Http\Request))
#25 D:\wamp64\www\jms\service\vendor\laravel\framework\src\Illuminate\Pipeline\Pipeline.php(148): Tymon\JWTAuth\Middleware\GetUserFromToken->handle(Object(Dingo\Api\Http\Request), Object(Closure))
#26 D:\wamp64\www\jms\service\vendor\laravel\framework\src\Illuminate\Routing\Pipeline.php(53): Illuminate\Pipeline\Pipeline->Illuminate\Pipeline\{closure}(Object(Dingo\Api\Http\Request))
#27 D:\wamp64\www\jms\service\app\Http\Middleware\AdminUser.php(20): Illuminate\Routing\Pipeline->Illuminate\Routing\{closure}(Object(Dingo\Api\Http\Request))
#28 D:\wamp64\www\jms\service\vendor\laravel\framework\src\Illuminate\Pipeline\Pipeline.php(148): App\Http\Middleware\AdminUser->handle(Object(Dingo\Api\Http\Request), Object(Closure))
#29 D:\wamp64\www\jms\service\vendor\laravel\framework\src\Illuminate\Routing\Pipeline.php(53): Illuminate\Pipeline\Pipeline->Illuminate\Pipeline\{closure}(Object(Dingo\Api\Http\Request))
#30 D:\wamp64\www\jms\service\vendor\dingo\api\src\Http\Middleware\PrepareController.php(45): Illuminate\Routing\Pipeline->Illuminate\Routing\{closure}(Object(Dingo\Api\Http\Request))
#31 D:\wamp64\www\jms\service\vendor\laravel\framework\src\Illuminate\Pipeline\Pipeline.php(148): Dingo\Api\Http\Middleware\PrepareController->handle(Object(Dingo\Api\Http\Request), Object(Closure))
#32 D:\wamp64\www\jms\service\vendor\laravel\framework\src\Illuminate\Routing\Pipeline.php(53): Illuminate\Pipeline\Pipeline->Illuminate\Pipeline\{closure}(Object(Dingo\Api\Http\Request))
#33 D:\wamp64\www\jms\service\vendor\laravel\framework\src\Illuminate\Pipeline\Pipeline.php(102): Illuminate\Routing\Pipeline->Illuminate\Routing\{closure}(Object(Dingo\Api\Http\Request))
#34 D:\wamp64\www\jms\service\vendor\laravel\framework\src\Illuminate\Routing\Router.php(574): Illuminate\Pipeline\Pipeline->then(Object(Closure))
#35 D:\wamp64\www\jms\service\vendor\laravel\framework\src\Illuminate\Routing\Router.php(533): Illuminate\Routing\Router->runRouteWithinStack(Object(Illuminate\Routing\Route), Object(Dingo\Api\Http\Request))
#36 D:\wamp64\www\jms\service\vendor\laravel\framework\src\Illuminate\Routing\Router.php(511): Illuminate\Routing\Router->dispatchToRoute(Object(Dingo\Api\Http\Request))
#37 D:\wamp64\www\jms\service\vendor\dingo\api\src\Routing\Adapter\Laravel.php(81): Illuminate\Routing\Router->dispatch(Object(Dingo\Api\Http\Request))
#38 D:\wamp64\www\jms\service\vendor\dingo\api\src\Routing\Router.php(513): Dingo\Api\Routing\Adapter\Laravel->dispatch(Object(Dingo\Api\Http\Request), 'v1')
#39 D:\wamp64\www\jms\service\vendor\dingo\api\src\Http\Middleware\Request.php(126): Dingo\Api\Routing\Router->dispatch(Object(Dingo\Api\Http\Request))
#40 D:\wamp64\www\jms\service\vendor\laravel\framework\src\Illuminate\Pipeline\Pipeline.php(114): Dingo\Api\Http\Middleware\Request->Dingo\Api\Http\Middleware\{closure}(Object(Dingo\Api\Http\Request))
#41 D:\wamp64\www\jms\service\app\Http\Middleware\Cross.php(31): Illuminate\Pipeline\Pipeline->Illuminate\Pipeline\{closure}(Object(Dingo\Api\Http\Request))
#42 D:\wamp64\www\jms\service\vendor\laravel\framework\src\Illuminate\Pipeline\Pipeline.php(148): App\Http\Middleware\Cross->handle(Object(Dingo\Api\Http\Request), Object(Closure))
#43 D:\wamp64\www\jms\service\vendor\laravel\framework\src\Illuminate\Foundation\Http\Middleware\TransformsRequest.php(30): Illuminate\Pipeline\Pipeline->Illuminate\Pipeline\{closure}(Object(Dingo\Api\Http\Request))
#44 D:\wamp64\www\jms\service\vendor\laravel\framework\src\Illuminate\Pipeline\Pipeline.php(148): Illuminate\Foundation\Http\Middleware\TransformsRequest->handle(Object(Dingo\Api\Http\Request), Object(Closure))
#45 D:\wamp64\www\jms\service\vendor\laravel\framework\src\Illuminate\Foundation\Http\Middleware\TransformsRequest.php(30): Illuminate\Pipeline\Pipeline->Illuminate\Pipeline\{closure}(Object(Dingo\Api\Http\Request))
#46 D:\wamp64\www\jms\service\vendor\laravel\framework\src\Illuminate\Pipeline\Pipeline.php(148): Illuminate\Foundation\Http\Middleware\TransformsRequest->handle(Object(Dingo\Api\Http\Request), Object(Closure))
#47 D:\wamp64\www\jms\service\vendor\laravel\framework\src\Illuminate\Pipeline\Pipeline.php(102): Illuminate\Pipeline\Pipeline->Illuminate\Pipeline\{closure}(Object(Dingo\Api\Http\Request))
#48 D:\wamp64\www\jms\service\vendor\dingo\api\src\Http\Middleware\Request.php(127): Illuminate\Pipeline\Pipeline->then(Object(Closure))
#49 D:\wamp64\www\jms\service\vendor\dingo\api\src\Http\Middleware\Request.php(103): Dingo\Api\Http\Middleware\Request->sendRequestThroughRouter(Object(Dingo\Api\Http\Request))
#50 D:\wamp64\www\jms\service\vendor\laravel\framework\src\Illuminate\Pipeline\Pipeline.php(148): Dingo\Api\Http\Middleware\Request->handle(Object(Illuminate\Http\Request), Object(Closure))
#51 D:\wamp64\www\jms\service\vendor\laravel\framework\src\Illuminate\Routing\Pipeline.php(53): Illuminate\Pipeline\Pipeline->Illuminate\Pipeline\{closure}(Object(Illuminate\Http\Request))
#52 D:\wamp64\www\jms\service\vendor\laravel\framework\src\Illuminate\Pipeline\Pipeline.php(102): Illuminate\Routing\Pipeline->Illuminate\Routing\{closure}(Object(Illuminate\Http\Request))
#53 D:\wamp64\www\jms\service\vendor\laravel\framework\src\Illuminate\Foundation\Http\Kernel.php(151): Illuminate\Pipeline\Pipeline->then(Object(Closure))
#54 D:\wamp64\www\jms\service\vendor\laravel\framework\src\Illuminate\Foundation\Http\Kernel.php(116): Illuminate\Foundation\Http\Kernel->sendRequestThroughRouter(Object(Illuminate\Http\Request))
#55 D:\wamp64\www\jms\service\public\index.php(54): Illuminate\Foundation\Http\Kernel->handle(Object(Illuminate\Http\Request))
#56 {main}  
[2020-05-19 11:15:40] local.ERROR: exception 'Predis\Connection\ConnectionException' with message '`AUTH` failed: ERR Client sent AUTH, but no password is set [tcp://127.0.0.1:6379]' in D:\wamp64\www\jms\service\vendor\predis\predis\src\Connection\AbstractConnection.php:155
Stack trace:
#0 D:\wamp64\www\jms\service\vendor\predis\predis\src\Connection\StreamConnection.php(263): Predis\Connection\AbstractConnection->onConnectionError('`AUTH` failed: ...', 0)
#1 D:\wamp64\www\jms\service\vendor\predis\predis\src\Connection\AbstractConnection.php(180): Predis\Connection\StreamConnection->connect()
#2 D:\wamp64\www\jms\service\vendor\predis\predis\src\Connection\StreamConnection.php(288): Predis\Connection\AbstractConnection->getResource()
#3 D:\wamp64\www\jms\service\vendor\predis\predis\src\Connection\StreamConnection.php(394): Predis\Connection\StreamConnection->write('*2\r\n$3\r\nGET\r\n$1...')
#4 D:\wamp64\www\jms\service\vendor\predis\predis\src\Connection\AbstractConnection.php(110): Predis\Connection\StreamConnection->writeRequest(Object(Predis\Command\StringGet))
#5 D:\wamp64\www\jms\service\vendor\predis\predis\src\Client.php(331): Predis\Connection\AbstractConnection->executeCommand(Object(Predis\Command\StringGet))
#6 D:\wamp64\www\jms\service\vendor\predis\predis\src\Client.php(315): Predis\Client->executeCommand(Object(Predis\Command\StringGet))
#7 D:\wamp64\www\jms\service\vendor\laravel\framework\src\Illuminate\Redis\Connections\Connection.php(72): Predis\Client->__call('get', Array)
#8 D:\wamp64\www\jms\service\vendor\laravel\framework\src\Illuminate\Redis\Connections\Connection.php(72): Predis\Client->get('saleUserInfo')
#9 D:\wamp64\www\jms\service\vendor\laravel\framework\src\Illuminate\Redis\Connections\Connection.php(84): Illuminate\Redis\Connections\Connection->command('get', Array)
#10 D:\wamp64\www\jms\service\vendor\laravel\framework\src\Illuminate\Redis\RedisManager.php(130): Illuminate\Redis\Connections\Connection->__call('get', Array)
#11 D:\wamp64\www\jms\service\vendor\laravel\framework\src\Illuminate\Redis\RedisManager.php(130): Illuminate\Redis\Connections\PredisConnection->get('saleUserInfo')
#12 D:\wamp64\www\jms\service\vendor\laravel\framework\src\Illuminate\Support\Facades\Facade.php(221): Illuminate\Redis\RedisManager->__call('get', Array)
#13 D:\wamp64\www\jms\service\vendor\laravel\framework\src\Illuminate\Support\Facades\Facade.php(221): Illuminate\Redis\RedisManager->get('saleUserInfo')
#14 D:\wamp64\www\jms\service\app\Model\Vone\SaleUserModel.php(161): Illuminate\Support\Facades\Facade::__callStatic('get', Array)
#15 D:\wamp64\www\jms\service\app\Model\Vone\SaleUserModel.php(161): Illuminate\Support\Facades\Redis::get('saleUserInfo')
#16 D:\wamp64\www\jms\service\app\Api\Vone\Controllers\DemandController.php(3681): App\Model\Vone\SaleUserModel->getSaleUserInfoInRedis()
#17 [internal function]: App\Api\Vone\Controllers\DemandController->firstPage(Object(Dingo\Api\Http\Request))
#18 D:\wamp64\www\jms\service\vendor\laravel\framework\src\Illuminate\Routing\Controller.php(55): call_user_func_array(Array, Array)
#19 D:\wamp64\www\jms\service\vendor\laravel\framework\src\Illuminate\Routing\ControllerDispatcher.php(44): Illuminate\Routing\Controller->callAction('firstPage', Array)
#20 D:\wamp64\www\jms\service\vendor\laravel\framework\src\Illuminate\Routing\Route.php(204): Illuminate\Routing\ControllerDispatcher->dispatch(Object(Illuminate\Routing\Route), Object(App\Api\Vone\Controllers\DemandController), 'firstPage')
#21 D:\wamp64\www\jms\service\vendor\laravel\framework\src\Illuminate\Routing\Route.php(160): Illuminate\Routing\Route->runController()
#22 D:\wamp64\www\jms\service\vendor\laravel\framework\src\Illuminate\Routing\Router.php(572): Illuminate\Routing\Route->run()
#23 D:\wamp64\www\jms\service\vendor\laravel\framework\src\Illuminate\Routing\Pipeline.php(30): Illuminate\Routing\Router->Illuminate\Routing\{closure}(Object(Dingo\Api\Http\Request))
#24 D:\wamp64\www\jms\service\vendor\tymon\jwt-auth\src\Middleware\GetUserFromToken.php(46): Illuminate\Routing\Pipeline->Illuminate\Routing\{closure}(Object(Dingo\Api\Http\Request))
#25 D:\wamp64\www\jms\service\vendor\laravel\framework\src\Illuminate\Pipeline\Pipeline.php(148): Tymon\JWTAuth\Middleware\GetUserFromToken->handle(Object(Dingo\Api\Http\Request), Object(Closure))
#26 D:\wamp64\www\jms\service\vendor\laravel\framework\src\Illuminate\Routing\Pipeline.php(53): Illuminate\Pipeline\Pipeline->Illuminate\Pipeline\{closure}(Object(Dingo\Api\Http\Request))
#27 D:\wamp64\www\jms\service\app\Http\Middleware\AdminUser.php(20): Illuminate\Routing\Pipeline->Illuminate\Routing\{closure}(Object(Dingo\Api\Http\Request))
#28 D:\wamp64\www\jms\service\vendor\laravel\framework\src\Illuminate\Pipeline\Pipeline.php(148): App\Http\Middleware\AdminUser->handle(Object(Dingo\Api\Http\Request), Object(Closure))
#29 D:\wamp64\www\jms\service\vendor\laravel\framework\src\Illuminate\Routing\Pipeline.php(53): Illuminate\Pipeline\Pipeline->Illuminate\Pipeline\{closure}(Object(Dingo\Api\Http\Request))
#30 D:\wamp64\www\jms\service\vendor\dingo\api\src\Http\Middleware\PrepareController.php(45): Illuminate\Routing\Pipeline->Illuminate\Routing\{closure}(Object(Dingo\Api\Http\Request))
#31 D:\wamp64\www\jms\service\vendor\laravel\framework\src\Illuminate\Pipeline\Pipeline.php(148): Dingo\Api\Http\Middleware\PrepareController->handle(Object(Dingo\Api\Http\Request), Object(Closure))
#32 D:\wamp64\www\jms\service\vendor\laravel\framework\src\Illuminate\Routing\Pipeline.php(53): Illuminate\Pipeline\Pipeline->Illuminate\Pipeline\{closure}(Object(Dingo\Api\Http\Request))
#33 D:\wamp64\www\jms\service\vendor\laravel\framework\src\Illuminate\Pipeline\Pipeline.php(102): Illuminate\Routing\Pipeline->Illuminate\Routing\{closure}(Object(Dingo\Api\Http\Request))
#34 D:\wamp64\www\jms\service\vendor\laravel\framework\src\Illuminate\Routing\Router.php(574): Illuminate\Pipeline\Pipeline->then(Object(Closure))
#35 D:\wamp64\www\jms\service\vendor\laravel\framework\src\Illuminate\Routing\Router.php(533): Illuminate\Routing\Router->runRouteWithinStack(Object(Illuminate\Routing\Route), Object(Dingo\Api\Http\Request))
#36 D:\wamp64\www\jms\service\vendor\laravel\framework\src\Illuminate\Routing\Router.php(511): Illuminate\Routing\Router->dispatchToRoute(Object(Dingo\Api\Http\Request))
#37 D:\wamp64\www\jms\service\vendor\dingo\api\src\Routing\Adapter\Laravel.php(81): Illuminate\Routing\Router->dispatch(Object(Dingo\Api\Http\Request))
#38 D:\wamp64\www\jms\service\vendor\dingo\api\src\Routing\Router.php(513): Dingo\Api\Routing\Adapter\Laravel->dispatch(Object(Dingo\Api\Http\Request), 'v1')
#39 D:\wamp64\www\jms\service\vendor\dingo\api\src\Http\Middleware\Request.php(126): Dingo\Api\Routing\Router->dispatch(Object(Dingo\Api\Http\Request))
#40 D:\wamp64\www\jms\service\vendor\laravel\framework\src\Illuminate\Pipeline\Pipeline.php(114): Dingo\Api\Http\Middleware\Request->Dingo\Api\Http\Middleware\{closure}(Object(Dingo\Api\Http\Request))
#41 D:\wamp64\www\jms\service\app\Http\Middleware\Cross.php(31): Illuminate\Pipeline\Pipeline->Illuminate\Pipeline\{closure}(Object(Dingo\Api\Http\Request))
#42 D:\wamp64\www\jms\service\vendor\laravel\framework\src\Illuminate\Pipeline\Pipeline.php(148): App\Http\Middleware\Cross->handle(Object(Dingo\Api\Http\Request), Object(Closure))
#43 D:\wamp64\www\jms\service\vendor\laravel\framework\src\Illuminate\Foundation\Http\Middleware\TransformsRequest.php(30): Illuminate\Pipeline\Pipeline->Illuminate\Pipeline\{closure}(Object(Dingo\Api\Http\Request))
#44 D:\wamp64\www\jms\service\vendor\laravel\framework\src\Illuminate\Pipeline\Pipeline.php(148): Illuminate\Foundation\Http\Middleware\TransformsRequest->handle(Object(Dingo\Api\Http\Request), Object(Closure))
#45 D:\wamp64\www\jms\service\vendor\laravel\framework\src\Illuminate\Foundation\Http\Middleware\TransformsRequest.php(30): Illuminate\Pipeline\Pipeline->Illuminate\Pipeline\{closure}(Object(Dingo\Api\Http\Request))
#46 D:\wamp64\www\jms\service\vendor\laravel\framework\src\Illuminate\Pipeline\Pipeline.php(148): Illuminate\Foundation\Http\Middleware\TransformsRequest->handle(Object(Dingo\Api\Http\Request), Object(Closure))
#47 D:\wamp64\www\jms\service\vendor\laravel\framework\src\Illuminate\Pipeline\Pipeline.php(102): Illuminate\Pipeline\Pipeline->Illuminate\Pipeline\{closure}(Object(Dingo\Api\Http\Request))
#48 D:\wamp64\www\jms\service\vendor\dingo\api\src\Http\Middleware\Request.php(127): Illuminate\Pipeline\Pipeline->then(Object(Closure))
#49 D:\wamp64\www\jms\service\vendor\dingo\api\src\Http\Middleware\Request.php(103): Dingo\Api\Http\Middleware\Request->sendRequestThroughRouter(Object(Dingo\Api\Http\Request))
#50 D:\wamp64\www\jms\service\vendor\laravel\framework\src\Illuminate\Pipeline\Pipeline.php(148): Dingo\Api\Http\Middleware\Request->handle(Object(Illuminate\Http\Request), Object(Closure))
#51 D:\wamp64\www\jms\service\vendor\laravel\framework\src\Illuminate\Routing\Pipeline.php(53): Illuminate\Pipeline\Pipeline->Illuminate\Pipeline\{closure}(Object(Illuminate\Http\Request))
#52 D:\wamp64\www\jms\service\vendor\laravel\framework\src\Illuminate\Pipeline\Pipeline.php(102): Illuminate\Routing\Pipeline->Illuminate\Routing\{closure}(Object(Illuminate\Http\Request))
#53 D:\wamp64\www\jms\service\vendor\laravel\framework\src\Illuminate\Foundation\Http\Kernel.php(151): Illuminate\Pipeline\Pipeline->then(Object(Closure))
#54 D:\wamp64\www\jms\service\vendor\laravel\framework\src\Illuminate\Foundation\Http\Kernel.php(116): Illuminate\Foundation\Http\Kernel->sendRequestThroughRouter(Object(Illuminate\Http\Request))
#55 D:\wamp64\www\jms\service\public\index.php(54): Illuminate\Foundation\Http\Kernel->handle(Object(Illuminate\Http\Request))
#56 {main}  
[2020-05-19 11:19:30] local.ERROR: exception 'Predis\Connection\ConnectionException' with message '`AUTH` failed: ERR Client sent AUTH, but no password is set [tcp://127.0.0.1:6379]' in D:\wamp64\www\jms\service\vendor\predis\predis\src\Connection\AbstractConnection.php:155
Stack trace:
#0 D:\wamp64\www\jms\service\vendor\predis\predis\src\Connection\StreamConnection.php(263): Predis\Connection\AbstractConnection->onConnectionError('`AUTH` failed: ...', 0)
#1 D:\wamp64\www\jms\service\vendor\predis\predis\src\Connection\AbstractConnection.php(180): Predis\Connection\StreamConnection->connect()
#2 D:\wamp64\www\jms\service\vendor\predis\predis\src\Connection\StreamConnection.php(288): Predis\Connection\AbstractConnection->getResource()
#3 D:\wamp64\www\jms\service\vendor\predis\predis\src\Connection\StreamConnection.php(394): Predis\Connection\StreamConnection->write('*2\r\n$3\r\nGET\r\n$9...')
#4 D:\wamp64\www\jms\service\vendor\predis\predis\src\Connection\AbstractConnection.php(110): Predis\Connection\StreamConnection->writeRequest(Object(Predis\Command\StringGet))
#5 D:\wamp64\www\jms\service\vendor\predis\predis\src\Client.php(331): Predis\Connection\AbstractConnection->executeCommand(Object(Predis\Command\StringGet))
#6 D:\wamp64\www\jms\service\vendor\predis\predis\src\Client.php(315): Predis\Client->executeCommand(Object(Predis\Command\StringGet))
#7 D:\wamp64\www\jms\service\vendor\laravel\framework\src\Illuminate\Redis\Connections\Connection.php(72): Predis\Client->__call('get', Array)
#8 D:\wamp64\www\jms\service\vendor\laravel\framework\src\Illuminate\Redis\Connections\Connection.php(72): Predis\Client->get('adminInfo')
#9 D:\wamp64\www\jms\service\vendor\laravel\framework\src\Illuminate\Redis\Connections\Connection.php(84): Illuminate\Redis\Connections\Connection->command('get', Array)
#10 D:\wamp64\www\jms\service\vendor\laravel\framework\src\Illuminate\Redis\RedisManager.php(130): Illuminate\Redis\Connections\Connection->__call('get', Array)
#11 D:\wamp64\www\jms\service\vendor\laravel\framework\src\Illuminate\Redis\RedisManager.php(130): Illuminate\Redis\Connections\PredisConnection->get('adminInfo')
#12 D:\wamp64\www\jms\service\vendor\laravel\framework\src\Illuminate\Support\Facades\Facade.php(221): Illuminate\Redis\RedisManager->__call('get', Array)
#13 D:\wamp64\www\jms\service\vendor\laravel\framework\src\Illuminate\Support\Facades\Facade.php(221): Illuminate\Redis\RedisManager->get('adminInfo')
#14 D:\wamp64\www\jms\service\app\Model\Vone\AdminUserModel.php(206): Illuminate\Support\Facades\Facade::__callStatic('get', Array)
#15 D:\wamp64\www\jms\service\app\Model\Vone\AdminUserModel.php(206): Illuminate\Support\Facades\Redis::get('adminInfo')
#16 D:\wamp64\www\jms\service\app\Model\Vone\WholesaleOrderModel.php(154): App\Model\Vone\AdminUserModel->getAdminInfoInRedis()
#17 D:\wamp64\www\jms\service\app\Api\Vone\Controllers\GoodsController.php(3583): App\Model\Vone\WholesaleOrderModel->getList(Array, 15)
#18 [internal function]: App\Api\Vone\Controllers\GoodsController->wholesaleList(Object(Dingo\Api\Http\Request))
#19 D:\wamp64\www\jms\service\vendor\laravel\framework\src\Illuminate\Routing\Controller.php(55): call_user_func_array(Array, Array)
#20 D:\wamp64\www\jms\service\vendor\laravel\framework\src\Illuminate\Routing\ControllerDispatcher.php(44): Illuminate\Routing\Controller->callAction('wholesaleList', Array)
#21 D:\wamp64\www\jms\service\vendor\laravel\framework\src\Illuminate\Routing\Route.php(204): Illuminate\Routing\ControllerDispatcher->dispatch(Object(Illuminate\Routing\Route), Object(App\Api\Vone\Controllers\GoodsController), 'wholesaleList')
#22 D:\wamp64\www\jms\service\vendor\laravel\framework\src\Illuminate\Routing\Route.php(160): Illuminate\Routing\Route->runController()
#23 D:\wamp64\www\jms\service\vendor\laravel\framework\src\Illuminate\Routing\Router.php(572): Illuminate\Routing\Route->run()
#24 D:\wamp64\www\jms\service\vendor\laravel\framework\src\Illuminate\Routing\Pipeline.php(30): Illuminate\Routing\Router->Illuminate\Routing\{closure}(Object(Dingo\Api\Http\Request))
#25 D:\wamp64\www\jms\service\vendor\tymon\jwt-auth\src\Middleware\GetUserFromToken.php(46): Illuminate\Routing\Pipeline->Illuminate\Routing\{closure}(Object(Dingo\Api\Http\Request))
#26 D:\wamp64\www\jms\service\vendor\laravel\framework\src\Illuminate\Pipeline\Pipeline.php(148): Tymon\JWTAuth\Middleware\GetUserFromToken->handle(Object(Dingo\Api\Http\Request), Object(Closure))
#27 D:\wamp64\www\jms\service\vendor\laravel\framework\src\Illuminate\Routing\Pipeline.php(53): Illuminate\Pipeline\Pipeline->Illuminate\Pipeline\{closure}(Object(Dingo\Api\Http\Request))
#28 D:\wamp64\www\jms\service\app\Http\Middleware\AdminUser.php(20): Illuminate\Routing\Pipeline->Illuminate\Routing\{closure}(Object(Dingo\Api\Http\Request))
#29 D:\wamp64\www\jms\service\vendor\laravel\framework\src\Illuminate\Pipeline\Pipeline.php(148): App\Http\Middleware\AdminUser->handle(Object(Dingo\Api\Http\Request), Object(Closure))
#30 D:\wamp64\www\jms\service\vendor\laravel\framework\src\Illuminate\Routing\Pipeline.php(53): Illuminate\Pipeline\Pipeline->Illuminate\Pipeline\{closure}(Object(Dingo\Api\Http\Request))
#31 D:\wamp64\www\jms\service\vendor\dingo\api\src\Http\Middleware\PrepareController.php(45): Illuminate\Routing\Pipeline->Illuminate\Routing\{closure}(Object(Dingo\Api\Http\Request))
#32 D:\wamp64\www\jms\service\vendor\laravel\framework\src\Illuminate\Pipeline\Pipeline.php(148): Dingo\Api\Http\Middleware\PrepareController->handle(Object(Dingo\Api\Http\Request), Object(Closure))
#33 D:\wamp64\www\jms\service\vendor\laravel\framework\src\Illuminate\Routing\Pipeline.php(53): Illuminate\Pipeline\Pipeline->Illuminate\Pipeline\{closure}(Object(Dingo\Api\Http\Request))
#34 D:\wamp64\www\jms\service\vendor\laravel\framework\src\Illuminate\Pipeline\Pipeline.php(102): Illuminate\Routing\Pipeline->Illuminate\Routing\{closure}(Object(Dingo\Api\Http\Request))
#35 D:\wamp64\www\jms\service\vendor\laravel\framework\src\Illuminate\Routing\Router.php(574): Illuminate\Pipeline\Pipeline->then(Object(Closure))
#36 D:\wamp64\www\jms\service\vendor\laravel\framework\src\Illuminate\Routing\Router.php(533): Illuminate\Routing\Router->runRouteWithinStack(Object(Illuminate\Routing\Route), Object(Dingo\Api\Http\Request))
#37 D:\wamp64\www\jms\service\vendor\laravel\framework\src\Illuminate\Routing\Router.php(511): Illuminate\Routing\Router->dispatchToRoute(Object(Dingo\Api\Http\Request))
#38 D:\wamp64\www\jms\service\vendor\dingo\api\src\Routing\Adapter\Laravel.php(81): Illuminate\Routing\Router->dispatch(Object(Dingo\Api\Http\Request))
#39 D:\wamp64\www\jms\service\vendor\dingo\api\src\Routing\Router.php(513): Dingo\Api\Routing\Adapter\Laravel->dispatch(Object(Dingo\Api\Http\Request), 'v1')
#40 D:\wamp64\www\jms\service\vendor\dingo\api\src\Http\Middleware\Request.php(126): Dingo\Api\Routing\Router->dispatch(Object(Dingo\Api\Http\Request))
#41 D:\wamp64\www\jms\service\vendor\laravel\framework\src\Illuminate\Pipeline\Pipeline.php(114): Dingo\Api\Http\Middleware\Request->Dingo\Api\Http\Middleware\{closure}(Object(Dingo\Api\Http\Request))
#42 D:\wamp64\www\jms\service\app\Http\Middleware\Cross.php(31): Illuminate\Pipeline\Pipeline->Illuminate\Pipeline\{closure}(Object(Dingo\Api\Http\Request))
#43 D:\wamp64\www\jms\service\vendor\laravel\framework\src\Illuminate\Pipeline\Pipeline.php(148): App\Http\Middleware\Cross->handle(Object(Dingo\Api\Http\Request), Object(Closure))
#44 D:\wamp64\www\jms\service\vendor\laravel\framework\src\Illuminate\Foundation\Http\Middleware\TransformsRequest.php(30): Illuminate\Pipeline\Pipeline->Illuminate\Pipeline\{closure}(Object(Dingo\Api\Http\Request))
#45 D:\wamp64\www\jms\service\vendor\laravel\framework\src\Illuminate\Pipeline\Pipeline.php(148): Illuminate\Foundation\Http\Middleware\TransformsRequest->handle(Object(Dingo\Api\Http\Request), Object(Closure))
#46 D:\wamp64\www\jms\service\vendor\laravel\framework\src\Illuminate\Foundation\Http\Middleware\TransformsRequest.php(30): Illuminate\Pipeline\Pipeline->Illuminate\Pipeline\{closure}(Object(Dingo\Api\Http\Request))
#47 D:\wamp64\www\jms\service\vendor\laravel\framework\src\Illuminate\Pipeline\Pipeline.php(148): Illuminate\Foundation\Http\Middleware\TransformsRequest->handle(Object(Dingo\Api\Http\Request), Object(Closure))
#48 D:\wamp64\www\jms\service\vendor\laravel\framework\src\Illuminate\Pipeline\Pipeline.php(102): Illuminate\Pipeline\Pipeline->Illuminate\Pipeline\{closure}(Object(Dingo\Api\Http\Request))
#49 D:\wamp64\www\jms\service\vendor\dingo\api\src\Http\Middleware\Request.php(127): Illuminate\Pipeline\Pipeline->then(Object(Closure))
#50 D:\wamp64\www\jms\service\vendor\dingo\api\src\Http\Middleware\Request.php(103): Dingo\Api\Http\Middleware\Request->sendRequestThroughRouter(Object(Dingo\Api\Http\Request))
#51 D:\wamp64\www\jms\service\vendor\laravel\framework\src\Illuminate\Pipeline\Pipeline.php(148): Dingo\Api\Http\Middleware\Request->handle(Object(Illuminate\Http\Request), Object(Closure))
#52 D:\wamp64\www\jms\service\vendor\laravel\framework\src\Illuminate\Routing\Pipeline.php(53): Illuminate\Pipeline\Pipeline->Illuminate\Pipeline\{closure}(Object(Illuminate\Http\Request))
#53 D:\wamp64\www\jms\service\vendor\laravel\framework\src\Illuminate\Pipeline\Pipeline.php(102): Illuminate\Routing\Pipeline->Illuminate\Routing\{closure}(Object(Illuminate\Http\Request))
#54 D:\wamp64\www\jms\service\vendor\laravel\framework\src\Illuminate\Foundation\Http\Kernel.php(151): Illuminate\Pipeline\Pipeline->then(Object(Closure))
#55 D:\wamp64\www\jms\service\vendor\laravel\framework\src\Illuminate\Foundation\Http\Kernel.php(116): Illuminate\Foundation\Http\Kernel->sendRequestThroughRouter(Object(Illuminate\Http\Request))
#56 D:\wamp64\www\jms\service\public\index.php(54): Illuminate\Foundation\Http\Kernel->handle(Object(Illuminate\Http\Request))
#57 {main}  
[2020-05-19 11:19:30] local.ERROR: exception 'Predis\Connection\ConnectionException' with message '`AUTH` failed: ERR Client sent AUTH, but no password is set [tcp://127.0.0.1:6379]' in D:\wamp64\www\jms\service\vendor\predis\predis\src\Connection\AbstractConnection.php:155
Stack trace:
#0 D:\wamp64\www\jms\service\vendor\predis\predis\src\Connection\StreamConnection.php(263): Predis\Connection\AbstractConnection->onConnectionError('`AUTH` failed: ...', 0)
#1 D:\wamp64\www\jms\service\vendor\predis\predis\src\Connection\AbstractConnection.php(180): Predis\Connection\StreamConnection->connect()
#2 D:\wamp64\www\jms\service\vendor\predis\predis\src\Connection\StreamConnection.php(288): Predis\Connection\AbstractConnection->getResource()
#3 D:\wamp64\www\jms\service\vendor\predis\predis\src\Connection\StreamConnection.php(394): Predis\Connection\StreamConnection->write('*2\r\n$3\r\nGET\r\n$9...')
#4 D:\wamp64\www\jms\service\vendor\predis\predis\src\Connection\AbstractConnection.php(110): Predis\Connection\StreamConnection->writeRequest(Object(Predis\Command\StringGet))
#5 D:\wamp64\www\jms\service\vendor\predis\predis\src\Client.php(331): Predis\Connection\AbstractConnection->executeCommand(Object(Predis\Command\StringGet))
#6 D:\wamp64\www\jms\service\vendor\predis\predis\src\Client.php(315): Predis\Client->executeCommand(Object(Predis\Command\StringGet))
#7 D:\wamp64\www\jms\service\vendor\laravel\framework\src\Illuminate\Redis\Connections\Connection.php(72): Predis\Client->__call('get', Array)
#8 D:\wamp64\www\jms\service\vendor\laravel\framework\src\Illuminate\Redis\Connections\Connection.php(72): Predis\Client->get('adminInfo')
#9 D:\wamp64\www\jms\service\vendor\laravel\framework\src\Illuminate\Redis\Connections\Connection.php(84): Illuminate\Redis\Connections\Connection->command('get', Array)
#10 D:\wamp64\www\jms\service\vendor\laravel\framework\src\Illuminate\Redis\RedisManager.php(130): Illuminate\Redis\Connections\Connection->__call('get', Array)
#11 D:\wamp64\www\jms\service\vendor\laravel\framework\src\Illuminate\Redis\RedisManager.php(130): Illuminate\Redis\Connections\PredisConnection->get('adminInfo')
#12 D:\wamp64\www\jms\service\vendor\laravel\framework\src\Illuminate\Support\Facades\Facade.php(221): Illuminate\Redis\RedisManager->__call('get', Array)
#13 D:\wamp64\www\jms\service\vendor\laravel\framework\src\Illuminate\Support\Facades\Facade.php(221): Illuminate\Redis\RedisManager->get('adminInfo')
#14 D:\wamp64\www\jms\service\app\Model\Vone\AdminUserModel.php(206): Illuminate\Support\Facades\Facade::__callStatic('get', Array)
#15 D:\wamp64\www\jms\service\app\Model\Vone\AdminUserModel.php(206): Illuminate\Support\Facades\Redis::get('adminInfo')
#16 D:\wamp64\www\jms\service\app\Model\Vone\WholesaleOrderModel.php(154): App\Model\Vone\AdminUserModel->getAdminInfoInRedis()
#17 D:\wamp64\www\jms\service\app\Api\Vone\Controllers\GoodsController.php(3583): App\Model\Vone\WholesaleOrderModel->getList(Array, 15)
#18 [internal function]: App\Api\Vone\Controllers\GoodsController->wholesaleList(Object(Dingo\Api\Http\Request))
#19 D:\wamp64\www\jms\service\vendor\laravel\framework\src\Illuminate\Routing\Controller.php(55): call_user_func_array(Array, Array)
#20 D:\wamp64\www\jms\service\vendor\laravel\framework\src\Illuminate\Routing\ControllerDispatcher.php(44): Illuminate\Routing\Controller->callAction('wholesaleList', Array)
#21 D:\wamp64\www\jms\service\vendor\laravel\framework\src\Illuminate\Routing\Route.php(204): Illuminate\Routing\ControllerDispatcher->dispatch(Object(Illuminate\Routing\Route), Object(App\Api\Vone\Controllers\GoodsController), 'wholesaleList')
#22 D:\wamp64\www\jms\service\vendor\laravel\framework\src\Illuminate\Routing\Route.php(160): Illuminate\Routing\Route->runController()
#23 D:\wamp64\www\jms\service\vendor\laravel\framework\src\Illuminate\Routing\Router.php(572): Illuminate\Routing\Route->run()
#24 D:\wamp64\www\jms\service\vendor\laravel\framework\src\Illuminate\Routing\Pipeline.php(30): Illuminate\Routing\Router->Illuminate\Routing\{closure}(Object(Dingo\Api\Http\Request))
#25 D:\wamp64\www\jms\service\vendor\tymon\jwt-auth\src\Middleware\GetUserFromToken.php(46): Illuminate\Routing\Pipeline->Illuminate\Routing\{closure}(Object(Dingo\Api\Http\Request))
#26 D:\wamp64\www\jms\service\vendor\laravel\framework\src\Illuminate\Pipeline\Pipeline.php(148): Tymon\JWTAuth\Middleware\GetUserFromToken->handle(Object(Dingo\Api\Http\Request), Object(Closure))
#27 D:\wamp64\www\jms\service\vendor\laravel\framework\src\Illuminate\Routing\Pipeline.php(53): Illuminate\Pipeline\Pipeline->Illuminate\Pipeline\{closure}(Object(Dingo\Api\Http\Request))
#28 D:\wamp64\www\jms\service\app\Http\Middleware\AdminUser.php(20): Illuminate\Routing\Pipeline->Illuminate\Routing\{closure}(Object(Dingo\Api\Http\Request))
#29 D:\wamp64\www\jms\service\vendor\laravel\framework\src\Illuminate\Pipeline\Pipeline.php(148): App\Http\Middleware\AdminUser->handle(Object(Dingo\Api\Http\Request), Object(Closure))
#30 D:\wamp64\www\jms\service\vendor\laravel\framework\src\Illuminate\Routing\Pipeline.php(53): Illuminate\Pipeline\Pipeline->Illuminate\Pipeline\{closure}(Object(Dingo\Api\Http\Request))
#31 D:\wamp64\www\jms\service\vendor\dingo\api\src\Http\Middleware\PrepareController.php(45): Illuminate\Routing\Pipeline->Illuminate\Routing\{closure}(Object(Dingo\Api\Http\Request))
#32 D:\wamp64\www\jms\service\vendor\laravel\framework\src\Illuminate\Pipeline\Pipeline.php(148): Dingo\Api\Http\Middleware\PrepareController->handle(Object(Dingo\Api\Http\Request), Object(Closure))
#33 D:\wamp64\www\jms\service\vendor\laravel\framework\src\Illuminate\Routing\Pipeline.php(53): Illuminate\Pipeline\Pipeline->Illuminate\Pipeline\{closure}(Object(Dingo\Api\Http\Request))
#34 D:\wamp64\www\jms\service\vendor\laravel\framework\src\Illuminate\Pipeline\Pipeline.php(102): Illuminate\Routing\Pipeline->Illuminate\Routing\{closure}(Object(Dingo\Api\Http\Request))
#35 D:\wamp64\www\jms\service\vendor\laravel\framework\src\Illuminate\Routing\Router.php(574): Illuminate\Pipeline\Pipeline->then(Object(Closure))
#36 D:\wamp64\www\jms\service\vendor\laravel\framework\src\Illuminate\Routing\Router.php(533): Illuminate\Routing\Router->runRouteWithinStack(Object(Illuminate\Routing\Route), Object(Dingo\Api\Http\Request))
#37 D:\wamp64\www\jms\service\vendor\laravel\framework\src\Illuminate\Routing\Router.php(511): Illuminate\Routing\Router->dispatchToRoute(Object(Dingo\Api\Http\Request))
#38 D:\wamp64\www\jms\service\vendor\dingo\api\src\Routing\Adapter\Laravel.php(81): Illuminate\Routing\Router->dispatch(Object(Dingo\Api\Http\Request))
#39 D:\wamp64\www\jms\service\vendor\dingo\api\src\Routing\Router.php(513): Dingo\Api\Routing\Adapter\Laravel->dispatch(Object(Dingo\Api\Http\Request), 'v1')
#40 D:\wamp64\www\jms\service\vendor\dingo\api\src\Http\Middleware\Request.php(126): Dingo\Api\Routing\Router->dispatch(Object(Dingo\Api\Http\Request))
#41 D:\wamp64\www\jms\service\vendor\laravel\framework\src\Illuminate\Pipeline\Pipeline.php(114): Dingo\Api\Http\Middleware\Request->Dingo\Api\Http\Middleware\{closure}(Object(Dingo\Api\Http\Request))
#42 D:\wamp64\www\jms\service\app\Http\Middleware\Cross.php(31): Illuminate\Pipeline\Pipeline->Illuminate\Pipeline\{closure}(Object(Dingo\Api\Http\Request))
#43 D:\wamp64\www\jms\service\vendor\laravel\framework\src\Illuminate\Pipeline\Pipeline.php(148): App\Http\Middleware\Cross->handle(Object(Dingo\Api\Http\Request), Object(Closure))
#44 D:\wamp64\www\jms\service\vendor\laravel\framework\src\Illuminate\Foundation\Http\Middleware\TransformsRequest.php(30): Illuminate\Pipeline\Pipeline->Illuminate\Pipeline\{closure}(Object(Dingo\Api\Http\Request))
#45 D:\wamp64\www\jms\service\vendor\laravel\framework\src\Illuminate\Pipeline\Pipeline.php(148): Illuminate\Foundation\Http\Middleware\TransformsRequest->handle(Object(Dingo\Api\Http\Request), Object(Closure))
#46 D:\wamp64\www\jms\service\vendor\laravel\framework\src\Illuminate\Foundation\Http\Middleware\TransformsRequest.php(30): Illuminate\Pipeline\Pipeline->Illuminate\Pipeline\{closure}(Object(Dingo\Api\Http\Request))
#47 D:\wamp64\www\jms\service\vendor\laravel\framework\src\Illuminate\Pipeline\Pipeline.php(148): Illuminate\Foundation\Http\Middleware\TransformsRequest->handle(Object(Dingo\Api\Http\Request), Object(Closure))
#48 D:\wamp64\www\jms\service\vendor\laravel\framework\src\Illuminate\Pipeline\Pipeline.php(102): Illuminate\Pipeline\Pipeline->Illuminate\Pipeline\{closure}(Object(Dingo\Api\Http\Request))
#49 D:\wamp64\www\jms\service\vendor\dingo\api\src\Http\Middleware\Request.php(127): Illuminate\Pipeline\Pipeline->then(Object(Closure))
#50 D:\wamp64\www\jms\service\vendor\dingo\api\src\Http\Middleware\Request.php(103): Dingo\Api\Http\Middleware\Request->sendRequestThroughRouter(Object(Dingo\Api\Http\Request))
#51 D:\wamp64\www\jms\service\vendor\laravel\framework\src\Illuminate\Pipeline\Pipeline.php(148): Dingo\Api\Http\Middleware\Request->handle(Object(Illuminate\Http\Request), Object(Closure))
#52 D:\wamp64\www\jms\service\vendor\laravel\framework\src\Illuminate\Routing\Pipeline.php(53): Illuminate\Pipeline\Pipeline->Illuminate\Pipeline\{closure}(Object(Illuminate\Http\Request))
#53 D:\wamp64\www\jms\service\vendor\laravel\framework\src\Illuminate\Pipeline\Pipeline.php(102): Illuminate\Routing\Pipeline->Illuminate\Routing\{closure}(Object(Illuminate\Http\Request))
#54 D:\wamp64\www\jms\service\vendor\laravel\framework\src\Illuminate\Foundation\Http\Kernel.php(151): Illuminate\Pipeline\Pipeline->then(Object(Closure))
#55 D:\wamp64\www\jms\service\vendor\laravel\framework\src\Illuminate\Foundation\Http\Kernel.php(116): Illuminate\Foundation\Http\Kernel->sendRequestThroughRouter(Object(Illuminate\Http\Request))
#56 D:\wamp64\www\jms\service\public\index.php(54): Illuminate\Foundation\Http\Kernel->handle(Object(Illuminate\Http\Request))
#57 {main}  
[2020-05-19 11:19:39] local.ERROR: exception 'Predis\Connection\ConnectionException' with message '`AUTH` failed: ERR Client sent AUTH, but no password is set [tcp://127.0.0.1:6379]' in D:\wamp64\www\jms\service\vendor\predis\predis\src\Connection\AbstractConnection.php:155
Stack trace:
#0 D:\wamp64\www\jms\service\vendor\predis\predis\src\Connection\StreamConnection.php(263): Predis\Connection\AbstractConnection->onConnectionError('`AUTH` failed: ...', 0)
#1 D:\wamp64\www\jms\service\vendor\predis\predis\src\Connection\AbstractConnection.php(180): Predis\Connection\StreamConnection->connect()
#2 D:\wamp64\www\jms\service\vendor\predis\predis\src\Connection\StreamConnection.php(288): Predis\Connection\AbstractConnection->getResource()
#3 D:\wamp64\www\jms\service\vendor\predis\predis\src\Connection\StreamConnection.php(394): Predis\Connection\StreamConnection->write('*2\r\n$3\r\nGET\r\n$9...')
#4 D:\wamp64\www\jms\service\vendor\predis\predis\src\Connection\AbstractConnection.php(110): Predis\Connection\StreamConnection->writeRequest(Object(Predis\Command\StringGet))
#5 D:\wamp64\www\jms\service\vendor\predis\predis\src\Client.php(331): Predis\Connection\AbstractConnection->executeCommand(Object(Predis\Command\StringGet))
#6 D:\wamp64\www\jms\service\vendor\predis\predis\src\Client.php(315): Predis\Client->executeCommand(Object(Predis\Command\StringGet))
#7 D:\wamp64\www\jms\service\vendor\laravel\framework\src\Illuminate\Redis\Connections\Connection.php(72): Predis\Client->__call('get', Array)
#8 D:\wamp64\www\jms\service\vendor\laravel\framework\src\Illuminate\Redis\Connections\Connection.php(72): Predis\Client->get('adminInfo')
#9 D:\wamp64\www\jms\service\vendor\laravel\framework\src\Illuminate\Redis\Connections\Connection.php(84): Illuminate\Redis\Connections\Connection->command('get', Array)
#10 D:\wamp64\www\jms\service\vendor\laravel\framework\src\Illuminate\Redis\RedisManager.php(130): Illuminate\Redis\Connections\Connection->__call('get', Array)
#11 D:\wamp64\www\jms\service\vendor\laravel\framework\src\Illuminate\Redis\RedisManager.php(130): Illuminate\Redis\Connections\PredisConnection->get('adminInfo')
#12 D:\wamp64\www\jms\service\vendor\laravel\framework\src\Illuminate\Support\Facades\Facade.php(221): Illuminate\Redis\RedisManager->__call('get', Array)
#13 D:\wamp64\www\jms\service\vendor\laravel\framework\src\Illuminate\Support\Facades\Facade.php(221): Illuminate\Redis\RedisManager->get('adminInfo')
#14 D:\wamp64\www\jms\service\app\Model\Vone\AdminUserModel.php(206): Illuminate\Support\Facades\Facade::__callStatic('get', Array)
#15 D:\wamp64\www\jms\service\app\Model\Vone\AdminUserModel.php(206): Illuminate\Support\Facades\Redis::get('adminInfo')
#16 D:\wamp64\www\jms\service\app\Model\Vone\WholesaleOrderModel.php(154): App\Model\Vone\AdminUserModel->getAdminInfoInRedis()
#17 D:\wamp64\www\jms\service\app\Api\Vone\Controllers\GoodsController.php(3583): App\Model\Vone\WholesaleOrderModel->getList(Array, 15)
#18 [internal function]: App\Api\Vone\Controllers\GoodsController->wholesaleList(Object(Dingo\Api\Http\Request))
#19 D:\wamp64\www\jms\service\vendor\laravel\framework\src\Illuminate\Routing\Controller.php(55): call_user_func_array(Array, Array)
#20 D:\wamp64\www\jms\service\vendor\laravel\framework\src\Illuminate\Routing\ControllerDispatcher.php(44): Illuminate\Routing\Controller->callAction('wholesaleList', Array)
#21 D:\wamp64\www\jms\service\vendor\laravel\framework\src\Illuminate\Routing\Route.php(204): Illuminate\Routing\ControllerDispatcher->dispatch(Object(Illuminate\Routing\Route), Object(App\Api\Vone\Controllers\GoodsController), 'wholesaleList')
#22 D:\wamp64\www\jms\service\vendor\laravel\framework\src\Illuminate\Routing\Route.php(160): Illuminate\Routing\Route->runController()
#23 D:\wamp64\www\jms\service\vendor\laravel\framework\src\Illuminate\Routing\Router.php(572): Illuminate\Routing\Route->run()
#24 D:\wamp64\www\jms\service\vendor\laravel\framework\src\Illuminate\Routing\Pipeline.php(30): Illuminate\Routing\Router->Illuminate\Routing\{closure}(Object(Dingo\Api\Http\Request))
#25 D:\wamp64\www\jms\service\vendor\tymon\jwt-auth\src\Middleware\GetUserFromToken.php(46): Illuminate\Routing\Pipeline->Illuminate\Routing\{closure}(Object(Dingo\Api\Http\Request))
#26 D:\wamp64\www\jms\service\vendor\laravel\framework\src\Illuminate\Pipeline\Pipeline.php(148): Tymon\JWTAuth\Middleware\GetUserFromToken->handle(Object(Dingo\Api\Http\Request), Object(Closure))
#27 D:\wamp64\www\jms\service\vendor\laravel\framework\src\Illuminate\Routing\Pipeline.php(53): Illuminate\Pipeline\Pipeline->Illuminate\Pipeline\{closure}(Object(Dingo\Api\Http\Request))
#28 D:\wamp64\www\jms\service\app\Http\Middleware\AdminUser.php(20): Illuminate\Routing\Pipeline->Illuminate\Routing\{closure}(Object(Dingo\Api\Http\Request))
#29 D:\wamp64\www\jms\service\vendor\laravel\framework\src\Illuminate\Pipeline\Pipeline.php(148): App\Http\Middleware\AdminUser->handle(Object(Dingo\Api\Http\Request), Object(Closure))
#30 D:\wamp64\www\jms\service\vendor\laravel\framework\src\Illuminate\Routing\Pipeline.php(53): Illuminate\Pipeline\Pipeline->Illuminate\Pipeline\{closure}(Object(Dingo\Api\Http\Request))
#31 D:\wamp64\www\jms\service\vendor\dingo\api\src\Http\Middleware\PrepareController.php(45): Illuminate\Routing\Pipeline->Illuminate\Routing\{closure}(Object(Dingo\Api\Http\Request))
#32 D:\wamp64\www\jms\service\vendor\laravel\framework\src\Illuminate\Pipeline\Pipeline.php(148): Dingo\Api\Http\Middleware\PrepareController->handle(Object(Dingo\Api\Http\Request), Object(Closure))
#33 D:\wamp64\www\jms\service\vendor\laravel\framework\src\Illuminate\Routing\Pipeline.php(53): Illuminate\Pipeline\Pipeline->Illuminate\Pipeline\{closure}(Object(Dingo\Api\Http\Request))
#34 D:\wamp64\www\jms\service\vendor\laravel\framework\src\Illuminate\Pipeline\Pipeline.php(102): Illuminate\Routing\Pipeline->Illuminate\Routing\{closure}(Object(Dingo\Api\Http\Request))
#35 D:\wamp64\www\jms\service\vendor\laravel\framework\src\Illuminate\Routing\Router.php(574): Illuminate\Pipeline\Pipeline->then(Object(Closure))
#36 D:\wamp64\www\jms\service\vendor\laravel\framework\src\Illuminate\Routing\Router.php(533): Illuminate\Routing\Router->runRouteWithinStack(Object(Illuminate\Routing\Route), Object(Dingo\Api\Http\Request))
#37 D:\wamp64\www\jms\service\vendor\laravel\framework\src\Illuminate\Routing\Router.php(511): Illuminate\Routing\Router->dispatchToRoute(Object(Dingo\Api\Http\Request))
#38 D:\wamp64\www\jms\service\vendor\dingo\api\src\Routing\Adapter\Laravel.php(81): Illuminate\Routing\Router->dispatch(Object(Dingo\Api\Http\Request))
#39 D:\wamp64\www\jms\service\vendor\dingo\api\src\Routing\Router.php(513): Dingo\Api\Routing\Adapter\Laravel->dispatch(Object(Dingo\Api\Http\Request), 'v1')
#40 D:\wamp64\www\jms\service\vendor\dingo\api\src\Http\Middleware\Request.php(126): Dingo\Api\Routing\Router->dispatch(Object(Dingo\Api\Http\Request))
#41 D:\wamp64\www\jms\service\vendor\laravel\framework\src\Illuminate\Pipeline\Pipeline.php(114): Dingo\Api\Http\Middleware\Request->Dingo\Api\Http\Middleware\{closure}(Object(Dingo\Api\Http\Request))
#42 D:\wamp64\www\jms\service\app\Http\Middleware\Cross.php(31): Illuminate\Pipeline\Pipeline->Illuminate\Pipeline\{closure}(Object(Dingo\Api\Http\Request))
#43 D:\wamp64\www\jms\service\vendor\laravel\framework\src\Illuminate\Pipeline\Pipeline.php(148): App\Http\Middleware\Cross->handle(Object(Dingo\Api\Http\Request), Object(Closure))
#44 D:\wamp64\www\jms\service\vendor\laravel\framework\src\Illuminate\Foundation\Http\Middleware\TransformsRequest.php(30): Illuminate\Pipeline\Pipeline->Illuminate\Pipeline\{closure}(Object(Dingo\Api\Http\Request))
#45 D:\wamp64\www\jms\service\vendor\laravel\framework\src\Illuminate\Pipeline\Pipeline.php(148): Illuminate\Foundation\Http\Middleware\TransformsRequest->handle(Object(Dingo\Api\Http\Request), Object(Closure))
#46 D:\wamp64\www\jms\service\vendor\laravel\framework\src\Illuminate\Foundation\Http\Middleware\TransformsRequest.php(30): Illuminate\Pipeline\Pipeline->Illuminate\Pipeline\{closure}(Object(Dingo\Api\Http\Request))
#47 D:\wamp64\www\jms\service\vendor\laravel\framework\src\Illuminate\Pipeline\Pipeline.php(148): Illuminate\Foundation\Http\Middleware\TransformsRequest->handle(Object(Dingo\Api\Http\Request), Object(Closure))
#48 D:\wamp64\www\jms\service\vendor\laravel\framework\src\Illuminate\Pipeline\Pipeline.php(102): Illuminate\Pipeline\Pipeline->Illuminate\Pipeline\{closure}(Object(Dingo\Api\Http\Request))
#49 D:\wamp64\www\jms\service\vendor\dingo\api\src\Http\Middleware\Request.php(127): Illuminate\Pipeline\Pipeline->then(Object(Closure))
#50 D:\wamp64\www\jms\service\vendor\dingo\api\src\Http\Middleware\Request.php(103): Dingo\Api\Http\Middleware\Request->sendRequestThroughRouter(Object(Dingo\Api\Http\Request))
#51 D:\wamp64\www\jms\service\vendor\laravel\framework\src\Illuminate\Pipeline\Pipeline.php(148): Dingo\Api\Http\Middleware\Request->handle(Object(Illuminate\Http\Request), Object(Closure))
#52 D:\wamp64\www\jms\service\vendor\laravel\framework\src\Illuminate\Routing\Pipeline.php(53): Illuminate\Pipeline\Pipeline->Illuminate\Pipeline\{closure}(Object(Illuminate\Http\Request))
#53 D:\wamp64\www\jms\service\vendor\laravel\framework\src\Illuminate\Pipeline\Pipeline.php(102): Illuminate\Routing\Pipeline->Illuminate\Routing\{closure}(Object(Illuminate\Http\Request))
#54 D:\wamp64\www\jms\service\vendor\laravel\framework\src\Illuminate\Foundation\Http\Kernel.php(151): Illuminate\Pipeline\Pipeline->then(Object(Closure))
#55 D:\wamp64\www\jms\service\vendor\laravel\framework\src\Illuminate\Foundation\Http\Kernel.php(116): Illuminate\Foundation\Http\Kernel->sendRequestThroughRouter(Object(Illuminate\Http\Request))
#56 D:\wamp64\www\jms\service\public\index.php(54): Illuminate\Foundation\Http\Kernel->handle(Object(Illuminate\Http\Request))
#57 {main}  
[2020-05-19 11:19:39] local.ERROR: exception 'Predis\Connection\ConnectionException' with message '`AUTH` failed: ERR Client sent AUTH, but no password is set [tcp://127.0.0.1:6379]' in D:\wamp64\www\jms\service\vendor\predis\predis\src\Connection\AbstractConnection.php:155
Stack trace:
#0 D:\wamp64\www\jms\service\vendor\predis\predis\src\Connection\StreamConnection.php(263): Predis\Connection\AbstractConnection->onConnectionError('`AUTH` failed: ...', 0)
#1 D:\wamp64\www\jms\service\vendor\predis\predis\src\Connection\AbstractConnection.php(180): Predis\Connection\StreamConnection->connect()
#2 D:\wamp64\www\jms\service\vendor\predis\predis\src\Connection\StreamConnection.php(288): Predis\Connection\AbstractConnection->getResource()
#3 D:\wamp64\www\jms\service\vendor\predis\predis\src\Connection\StreamConnection.php(394): Predis\Connection\StreamConnection->write('*2\r\n$3\r\nGET\r\n$9...')
#4 D:\wamp64\www\jms\service\vendor\predis\predis\src\Connection\AbstractConnection.php(110): Predis\Connection\StreamConnection->writeRequest(Object(Predis\Command\StringGet))
#5 D:\wamp64\www\jms\service\vendor\predis\predis\src\Client.php(331): Predis\Connection\AbstractConnection->executeCommand(Object(Predis\Command\StringGet))
#6 D:\wamp64\www\jms\service\vendor\predis\predis\src\Client.php(315): Predis\Client->executeCommand(Object(Predis\Command\StringGet))
#7 D:\wamp64\www\jms\service\vendor\laravel\framework\src\Illuminate\Redis\Connections\Connection.php(72): Predis\Client->__call('get', Array)
#8 D:\wamp64\www\jms\service\vendor\laravel\framework\src\Illuminate\Redis\Connections\Connection.php(72): Predis\Client->get('adminInfo')
#9 D:\wamp64\www\jms\service\vendor\laravel\framework\src\Illuminate\Redis\Connections\Connection.php(84): Illuminate\Redis\Connections\Connection->command('get', Array)
#10 D:\wamp64\www\jms\service\vendor\laravel\framework\src\Illuminate\Redis\RedisManager.php(130): Illuminate\Redis\Connections\Connection->__call('get', Array)
#11 D:\wamp64\www\jms\service\vendor\laravel\framework\src\Illuminate\Redis\RedisManager.php(130): Illuminate\Redis\Connections\PredisConnection->get('adminInfo')
#12 D:\wamp64\www\jms\service\vendor\laravel\framework\src\Illuminate\Support\Facades\Facade.php(221): Illuminate\Redis\RedisManager->__call('get', Array)
#13 D:\wamp64\www\jms\service\vendor\laravel\framework\src\Illuminate\Support\Facades\Facade.php(221): Illuminate\Redis\RedisManager->get('adminInfo')
#14 D:\wamp64\www\jms\service\app\Model\Vone\AdminUserModel.php(206): Illuminate\Support\Facades\Facade::__callStatic('get', Array)
#15 D:\wamp64\www\jms\service\app\Model\Vone\AdminUserModel.php(206): Illuminate\Support\Facades\Redis::get('adminInfo')
#16 D:\wamp64\www\jms\service\app\Model\Vone\WholesaleOrderModel.php(154): App\Model\Vone\AdminUserModel->getAdminInfoInRedis()
#17 D:\wamp64\www\jms\service\app\Api\Vone\Controllers\GoodsController.php(3583): App\Model\Vone\WholesaleOrderModel->getList(Array, 15)
#18 [internal function]: App\Api\Vone\Controllers\GoodsController->wholesaleList(Object(Dingo\Api\Http\Request))
#19 D:\wamp64\www\jms\service\vendor\laravel\framework\src\Illuminate\Routing\Controller.php(55): call_user_func_array(Array, Array)
#20 D:\wamp64\www\jms\service\vendor\laravel\framework\src\Illuminate\Routing\ControllerDispatcher.php(44): Illuminate\Routing\Controller->callAction('wholesaleList', Array)
#21 D:\wamp64\www\jms\service\vendor\laravel\framework\src\Illuminate\Routing\Route.php(204): Illuminate\Routing\ControllerDispatcher->dispatch(Object(Illuminate\Routing\Route), Object(App\Api\Vone\Controllers\GoodsController), 'wholesaleList')
#22 D:\wamp64\www\jms\service\vendor\laravel\framework\src\Illuminate\Routing\Route.php(160): Illuminate\Routing\Route->runController()
#23 D:\wamp64\www\jms\service\vendor\laravel\framework\src\Illuminate\Routing\Router.php(572): Illuminate\Routing\Route->run()
#24 D:\wamp64\www\jms\service\vendor\laravel\framework\src\Illuminate\Routing\Pipeline.php(30): Illuminate\Routing\Router->Illuminate\Routing\{closure}(Object(Dingo\Api\Http\Request))
#25 D:\wamp64\www\jms\service\vendor\tymon\jwt-auth\src\Middleware\GetUserFromToken.php(46): Illuminate\Routing\Pipeline->Illuminate\Routing\{closure}(Object(Dingo\Api\Http\Request))
#26 D:\wamp64\www\jms\service\vendor\laravel\framework\src\Illuminate\Pipeline\Pipeline.php(148): Tymon\JWTAuth\Middleware\GetUserFromToken->handle(Object(Dingo\Api\Http\Request), Object(Closure))
#27 D:\wamp64\www\jms\service\vendor\laravel\framework\src\Illuminate\Routing\Pipeline.php(53): Illuminate\Pipeline\Pipeline->Illuminate\Pipeline\{closure}(Object(Dingo\Api\Http\Request))
#28 D:\wamp64\www\jms\service\app\Http\Middleware\AdminUser.php(20): Illuminate\Routing\Pipeline->Illuminate\Routing\{closure}(Object(Dingo\Api\Http\Request))
#29 D:\wamp64\www\jms\service\vendor\laravel\framework\src\Illuminate\Pipeline\Pipeline.php(148): App\Http\Middleware\AdminUser->handle(Object(Dingo\Api\Http\Request), Object(Closure))
#30 D:\wamp64\www\jms\service\vendor\laravel\framework\src\Illuminate\Routing\Pipeline.php(53): Illuminate\Pipeline\Pipeline->Illuminate\Pipeline\{closure}(Object(Dingo\Api\Http\Request))
#31 D:\wamp64\www\jms\service\vendor\dingo\api\src\Http\Middleware\PrepareController.php(45): Illuminate\Routing\Pipeline->Illuminate\Routing\{closure}(Object(Dingo\Api\Http\Request))
#32 D:\wamp64\www\jms\service\vendor\laravel\framework\src\Illuminate\Pipeline\Pipeline.php(148): Dingo\Api\Http\Middleware\PrepareController->handle(Object(Dingo\Api\Http\Request), Object(Closure))
#33 D:\wamp64\www\jms\service\vendor\laravel\framework\src\Illuminate\Routing\Pipeline.php(53): Illuminate\Pipeline\Pipeline->Illuminate\Pipeline\{closure}(Object(Dingo\Api\Http\Request))
#34 D:\wamp64\www\jms\service\vendor\laravel\framework\src\Illuminate\Pipeline\Pipeline.php(102): Illuminate\Routing\Pipeline->Illuminate\Routing\{closure}(Object(Dingo\Api\Http\Request))
#35 D:\wamp64\www\jms\service\vendor\laravel\framework\src\Illuminate\Routing\Router.php(574): Illuminate\Pipeline\Pipeline->then(Object(Closure))
#36 D:\wamp64\www\jms\service\vendor\laravel\framework\src\Illuminate\Routing\Router.php(533): Illuminate\Routing\Router->runRouteWithinStack(Object(Illuminate\Routing\Route), Object(Dingo\Api\Http\Request))
#37 D:\wamp64\www\jms\service\vendor\laravel\framework\src\Illuminate\Routing\Router.php(511): Illuminate\Routing\Router->dispatchToRoute(Object(Dingo\Api\Http\Request))
#38 D:\wamp64\www\jms\service\vendor\dingo\api\src\Routing\Adapter\Laravel.php(81): Illuminate\Routing\Router->dispatch(Object(Dingo\Api\Http\Request))
#39 D:\wamp64\www\jms\service\vendor\dingo\api\src\Routing\Router.php(513): Dingo\Api\Routing\Adapter\Laravel->dispatch(Object(Dingo\Api\Http\Request), 'v1')
#40 D:\wamp64\www\jms\service\vendor\dingo\api\src\Http\Middleware\Request.php(126): Dingo\Api\Routing\Router->dispatch(Object(Dingo\Api\Http\Request))
#41 D:\wamp64\www\jms\service\vendor\laravel\framework\src\Illuminate\Pipeline\Pipeline.php(114): Dingo\Api\Http\Middleware\Request->Dingo\Api\Http\Middleware\{closure}(Object(Dingo\Api\Http\Request))
#42 D:\wamp64\www\jms\service\app\Http\Middleware\Cross.php(31): Illuminate\Pipeline\Pipeline->Illuminate\Pipeline\{closure}(Object(Dingo\Api\Http\Request))
#43 D:\wamp64\www\jms\service\vendor\laravel\framework\src\Illuminate\Pipeline\Pipeline.php(148): App\Http\Middleware\Cross->handle(Object(Dingo\Api\Http\Request), Object(Closure))
#44 D:\wamp64\www\jms\service\vendor\laravel\framework\src\Illuminate\Foundation\Http\Middleware\TransformsRequest.php(30): Illuminate\Pipeline\Pipeline->Illuminate\Pipeline\{closure}(Object(Dingo\Api\Http\Request))
#45 D:\wamp64\www\jms\service\vendor\laravel\framework\src\Illuminate\Pipeline\Pipeline.php(148): Illuminate\Foundation\Http\Middleware\TransformsRequest->handle(Object(Dingo\Api\Http\Request), Object(Closure))
#46 D:\wamp64\www\jms\service\vendor\laravel\framework\src\Illuminate\Foundation\Http\Middleware\TransformsRequest.php(30): Illuminate\Pipeline\Pipeline->Illuminate\Pipeline\{closure}(Object(Dingo\Api\Http\Request))
#47 D:\wamp64\www\jms\service\vendor\laravel\framework\src\Illuminate\Pipeline\Pipeline.php(148): Illuminate\Foundation\Http\Middleware\TransformsRequest->handle(Object(Dingo\Api\Http\Request), Object(Closure))
#48 D:\wamp64\www\jms\service\vendor\laravel\framework\src\Illuminate\Pipeline\Pipeline.php(102): Illuminate\Pipeline\Pipeline->Illuminate\Pipeline\{closure}(Object(Dingo\Api\Http\Request))
#49 D:\wamp64\www\jms\service\vendor\dingo\api\src\Http\Middleware\Request.php(127): Illuminate\Pipeline\Pipeline->then(Object(Closure))
#50 D:\wamp64\www\jms\service\vendor\dingo\api\src\Http\Middleware\Request.php(103): Dingo\Api\Http\Middleware\Request->sendRequestThroughRouter(Object(Dingo\Api\Http\Request))
#51 D:\wamp64\www\jms\service\vendor\laravel\framework\src\Illuminate\Pipeline\Pipeline.php(148): Dingo\Api\Http\Middleware\Request->handle(Object(Illuminate\Http\Request), Object(Closure))
#52 D:\wamp64\www\jms\service\vendor\laravel\framework\src\Illuminate\Routing\Pipeline.php(53): Illuminate\Pipeline\Pipeline->Illuminate\Pipeline\{closure}(Object(Illuminate\Http\Request))
#53 D:\wamp64\www\jms\service\vendor\laravel\framework\src\Illuminate\Pipeline\Pipeline.php(102): Illuminate\Routing\Pipeline->Illuminate\Routing\{closure}(Object(Illuminate\Http\Request))
#54 D:\wamp64\www\jms\service\vendor\laravel\framework\src\Illuminate\Foundation\Http\Kernel.php(151): Illuminate\Pipeline\Pipeline->then(Object(Closure))
#55 D:\wamp64\www\jms\service\vendor\laravel\framework\src\Illuminate\Foundation\Http\Kernel.php(116): Illuminate\Foundation\Http\Kernel->sendRequestThroughRouter(Object(Illuminate\Http\Request))
#56 D:\wamp64\www\jms\service\public\index.php(54): Illuminate\Foundation\Http\Kernel->handle(Object(Illuminate\Http\Request))
#57 {main}  
